<?xml version="1.0" encoding="UTF-8"?>
<!-- Generated by org.testng.reporters.JUnitXMLReporter -->
<testsuite ignored="0" hostname="MONA" failures="0" tests="3" name="Default test" time="3.222" errors="0" timestamp="2025-09-22T12:57:46 IST">
  <testcase classname="testcases.CreateUserExcelDataDrivenTest" name="createUserFromExcel" time="1.663"/>
  <testcase classname="testcases.CreateUserExcelDataDrivenTest" name="createUserFromExcel" time="0.333"/>
  <testcase classname="testcases.CreateUserExcelDataDrivenTest" name="createUserFromExcel" time="0.338"/>
</testsuite> <!-- Default test -->
