<?xml version="1.0" encoding="UTF-8"?>
<!-- Generated by org.testng.reporters.JUnitXMLReporter -->
<testsuite ignored="0" hostname="MONA" failures="0" tests="4" name="Default test" time="4.094" errors="0" timestamp="2025-09-22T17:05:06 IST">
  <testcase classname="testcases.BearerTokenAuthTest" name="getUserDetails" time="0.11"/>
  <testcase classname="testcases.BearerTokenAuthTest" name="createUser" time="0.547"/>
  <testcase classname="testcases.BearerTokenAuthTest" name="updateUser" time="0.572"/>
  <testcase classname="testcases.BearerTokenAuthTest" name="deleteUser" time="0.514"/>
</testsuite> <!-- Default test -->
