<?xml version="1.0" encoding="UTF-8"?>
<testng-results ignored="0" total="1" passed="1" failed="0" skipped="0">
  <reporter-output>
  </reporter-output>
  <suite started-at="2025-09-23T17:50:26 IST" name="Default suite" finished-at="2025-09-23T17:50:28 IST" duration-ms="2504">
    <groups>
    </groups>
    <test started-at="2025-09-23T17:50:26 IST" name="Default test" finished-at="2025-09-23T17:50:28 IST" duration-ms="2504">
      <class name="reqresAPI_testcases.CreateUserTest">
        <test-method is-config="true" signature="init()[pri:0, instance:reqresAPI_testcases.CreateUserTest@4c583ecf]" started-at="2025-09-23T17:50:26 IST" name="init" finished-at="2025-09-23T17:50:28 IST" duration-ms="2017" status="PASS">
          <reporter-output>
          </reporter-output>
        </test-method> <!-- init -->
        <test-method signature="createUser()[pri:0, instance:reqresAPI_testcases.CreateUserTest@4c583ecf]" started-at="2025-09-23T17:50:28 IST" name="createUser" finished-at="2025-09-23T17:50:28 IST" duration-ms="459" status="PASS">
          <reporter-output>
          </reporter-output>
        </test-method> <!-- createUser -->
      </class> <!-- reqresAPI_testcases.CreateUserTest -->
    </test> <!-- Default test -->
  </suite> <!-- Default suite -->
</testng-results>
