<?xml version="1.0" encoding="UTF-8"?>
<testng-results ignored="0" total="4" passed="4" failed="0" skipped="0">
  <reporter-output>
  </reporter-output>
  <suite started-at="2025-09-22T17:05:02 IST" name="Default suite" finished-at="2025-09-22T17:05:06 IST" duration-ms="4094">
    <groups>
    </groups>
    <test started-at="2025-09-22T17:05:02 IST" name="Default test" finished-at="2025-09-22T17:05:06 IST" duration-ms="4094">
      <class name="testcases.BearerTokenAuthTest">
        <test-method is-config="true" signature="init()[pri:0, instance:testcases.BearerTokenAuthTest@7b2bbc3]" started-at="2025-09-22T17:05:02 IST" name="init" finished-at="2025-09-22T17:05:04 IST" duration-ms="2317" status="PASS">
          <reporter-output>
          </reporter-output>
        </test-method> <!-- init -->
        <test-method signature="getUserDetails()[pri:1, instance:testcases.BearerTokenAuthTest@7b2bbc3]" started-at="2025-09-22T17:05:04 IST" name="getUserDetails" finished-at="2025-09-22T17:05:04 IST" duration-ms="110" status="PASS">
          <reporter-output>
          </reporter-output>
        </test-method> <!-- getUserDetails -->
        <test-method signature="createUser()[pri:2, instance:testcases.BearerTokenAuthTest@7b2bbc3]" started-at="2025-09-22T17:05:04 IST" name="createUser" finished-at="2025-09-22T17:05:05 IST" duration-ms="547" status="PASS">
          <reporter-output>
          </reporter-output>
        </test-method> <!-- createUser -->
        <test-method signature="updateUser()[pri:3, instance:testcases.BearerTokenAuthTest@7b2bbc3]" started-at="2025-09-22T17:05:05 IST" name="updateUser" finished-at="2025-09-22T17:05:05 IST" duration-ms="572" status="PASS">
          <reporter-output>
          </reporter-output>
        </test-method> <!-- updateUser -->
        <test-method signature="deleteUser()[pri:4, instance:testcases.BearerTokenAuthTest@7b2bbc3]" started-at="2025-09-22T17:05:05 IST" name="deleteUser" finished-at="2025-09-22T17:05:06 IST" duration-ms="514" status="PASS">
          <reporter-output>
          </reporter-output>
        </test-method> <!-- deleteUser -->
      </class> <!-- testcases.BearerTokenAuthTest -->
    </test> <!-- Default test -->
  </suite> <!-- Default suite -->
</testng-results>
