<?xml version="1.0" encoding="UTF-8"?>
<!-- Generated by org.testng.reporters.JUnitXMLReporter -->
<testsuite ignored="0" hostname="MONA" failures="0" tests="6" name="PetTest" time="11.772" errors="0" timestamp="2025-09-23T12:53:08 IST">
  <testcase classname="petstoreAPI_testcases.PetTest.CreatePetTest" name="addPet" time="2.362"/>
  <testcase classname="petstoreAPI_testcases.PetTest.FindPetByStatusTest" name="findPetByStatus" time="2.415"/>
  <testcase classname="petstoreAPI_testcases.PetTest.GetPetByIDTest" name="getPetById" time="1.512"/>
  <testcase classname="petstoreAPI_testcases.PetTest.UpdatePetTest" name="updatePet" time="1.47"/>
  <testcase classname="petstoreAPI_testcases.PetTest.UploadImageTest" name="uploadImage" time="2.353"/>
  <testcase classname="petstoreAPI_testcases.PetTest.DeletePetTest" name="deletePet" time="1.371"/>
</testsuite> <!-- PetTest -->
