<?xml version="1.0" encoding="UTF-8"?>
<!-- Generated by org.testng.reporters.JUnitXMLReporter -->
<testsuite ignored="0" hostname="MONA" failures="0" tests="8" name="ReqresTest" time="6.06" errors="0" timestamp="2025-09-23T12:52:23 IST">
  <testcase classname="reqresAPI_testcases.BearerTokenAuthTest" name="getUserDetails" time="0.078"/>
  <testcase classname="reqresAPI_testcases.BearerTokenAuthTest" name="createUser" time="0.554"/>
  <testcase classname="reqresAPI_testcases.BearerTokenAuthTest" name="updateUser" time="0.564"/>
  <testcase classname="reqresAPI_testcases.BearerTokenAuthTest" name="deleteUser" time="0.282"/>
  <testcase classname="reqresAPI_testcases.CreateUserTest" name="createUser" time="0.893"/>
  <testcase classname="reqresAPI_testcases.GetUserTest" name="getUsers" time="1.4"/>
  <testcase classname="reqresAPI_testcases.UpdateUserTest" name="updateUser" time="0.56"/>
  <testcase classname="reqresAPI_testcases.DeleteUserTest" name="deleteUser" time="0.256"/>
</testsuite> <!-- ReqresTest -->
