<?xml version="1.0" encoding="UTF-8"?>
<!-- Generated by org.testng.reporters.JUnitXMLReporter -->
<testsuite ignored="0" hostname="MONA" failures="0" tests="4" name="StoreTest" time="5.753" errors="0" timestamp="2025-09-23T12:52:17 IST">
  <testcase classname="petstoreAPI_testcases.StoreTest.CreateOrderTest" name="placeOrder" time="1.439"/>
  <testcase classname="petstoreAPI_testcases.StoreTest.GetOrderByIdTest" name="getOrderById" time="1.396"/>
  <testcase classname="petstoreAPI_testcases.StoreTest.GetInventoryTest" name="getInventory" time="1.444"/>
  <testcase classname="petstoreAPI_testcases.StoreTest.DeleteOrderTest" name="deleteOrder" time="1.463"/>
</testsuite> <!-- StoreTest -->
